npm WARN EBADENGINE Unsupported engine {
npm WARN EBADENGINE   package: '@eslint/config-array@0.20.1',
npm WARN EBADENGINE   required: { node: '^18.18.0 || ^20.9.0 || >=21.1.0' },
npm WARN EBADENGINE   current: { node: 'v20.3.0', npm: '9.6.7' }
npm WARN EBADENGINE }
npm WARN EBADENGINE Unsupported engine {
npm WARN EBADENGINE   package: '@eslint/config-helpers@0.2.3',
npm WARN EBADENGINE   required: { node: '^18.18.0 || ^20.9.0 || >=21.1.0' },
npm WARN EBADENGINE   current: { node: 'v20.3.0', npm: '9.6.7' }
npm WARN EBADENGINE }
npm WARN EBADENGINE Unsupported engine {
npm WARN EBADENGINE   package: '@eslint/core@0.14.0',
npm WARN EBADENGINE   required: { node: '^18.18.0 || ^20.9.0 || >=21.1.0' },
npm WARN EBADENGINE   current: { node: 'v20.3.0', npm: '9.6.7' }
npm WARN EBADENGINE }
npm WARN EBADENGINE Unsupported engine {
npm WARN EBADENGINE   package: '@eslint/eslintrc@3.3.1',
npm WARN EBADENGINE   required: { node: '^18.18.0 || ^20.9.0 || >=21.1.0' },
npm WARN EBADENGINE   current: { node: 'v20.3.0', npm: '9.6.7' }
npm WARN EBADENGINE }
npm WARN EBADENGINE Unsupported engine {
npm WARN EBADENGINE   package: '@eslint/js@9.29.0',
npm WARN EBADENGINE   required: { node: '^18.18.0 || ^20.9.0 || >=21.1.0' },
npm WARN EBADENGINE   current: { node: 'v20.3.0', npm: '9.6.7' }
npm WARN EBADENGINE }
npm WARN EBADENGINE Unsupported engine {
npm WARN EBADENGINE   package: '@eslint/object-schema@2.1.6',
npm WARN EBADENGINE   required: { node: '^18.18.0 || ^20.9.0 || >=21.1.0' },
npm WARN EBADENGINE   current: { node: 'v20.3.0', npm: '9.6.7' }
npm WARN EBADENGINE }
npm WARN EBADENGINE Unsupported engine {
npm WARN EBADENGINE   package: '@eslint/plugin-kit@0.3.2',
npm WARN EBADENGINE   required: { node: '^18.18.0 || ^20.9.0 || >=21.1.0' },
npm WARN EBADENGINE   current: { node: 'v20.3.0', npm: '9.6.7' }
npm WARN EBADENGINE }
npm WARN EBADENGINE Unsupported engine {
npm WARN EBADENGINE   package: '@eslint/core@0.15.0',
npm WARN EBADENGINE   required: { node: '^18.18.0 || ^20.9.0 || >=21.1.0' },
npm WARN EBADENGINE   current: { node: 'v20.3.0', npm: '9.6.7' }
npm WARN EBADENGINE }
npm WARN EBADENGINE Unsupported engine {
npm WARN EBADENGINE   package: '@typescript-eslint/eslint-plugin@8.35.0',
npm WARN EBADENGINE   required: { node: '^18.18.0 || ^20.9.0 || >=21.1.0' },
npm WARN EBADENGINE   current: { node: 'v20.3.0', npm: '9.6.7' }
npm WARN EBADENGINE }
npm WARN EBADENGINE Unsupported engine {
npm WARN EBADENGINE   package: '@typescript-eslint/parser@8.35.0',
npm WARN EBADENGINE   required: { node: '^18.18.0 || ^20.9.0 || >=21.1.0' },
npm WARN EBADENGINE   current: { node: 'v20.3.0', npm: '9.6.7' }
npm WARN EBADENGINE }
npm WARN EBADENGINE Unsupported engine {
npm WARN EBADENGINE   package: '@typescript-eslint/project-service@8.35.0',
npm WARN EBADENGINE   required: { node: '^18.18.0 || ^20.9.0 || >=21.1.0' },
npm WARN EBADENGINE   current: { node: 'v20.3.0', npm: '9.6.7' }
npm WARN EBADENGINE }
npm WARN EBADENGINE Unsupported engine {
npm WARN EBADENGINE   package: '@typescript-eslint/scope-manager@8.35.0',
npm WARN EBADENGINE   required: { node: '^18.18.0 || ^20.9.0 || >=21.1.0' },
npm WARN EBADENGINE   current: { node: 'v20.3.0', npm: '9.6.7' }
npm WARN EBADENGINE }
npm WARN EBADENGINE Unsupported engine {
npm WARN EBADENGINE   package: '@typescript-eslint/tsconfig-utils@8.35.0',
npm WARN EBADENGINE   required: { node: '^18.18.0 || ^20.9.0 || >=21.1.0' },
npm WARN EBADENGINE   current: { node: 'v20.3.0', npm: '9.6.7' }
npm WARN EBADENGINE }
npm WARN EBADENGINE Unsupported engine {
npm WARN EBADENGINE   package: '@typescript-eslint/type-utils@8.35.0',
npm WARN EBADENGINE   required: { node: '^18.18.0 || ^20.9.0 || >=21.1.0' },
npm WARN EBADENGINE   current: { node: 'v20.3.0', npm: '9.6.7' }
npm WARN EBADENGINE }
npm WARN EBADENGINE Unsupported engine {
npm WARN EBADENGINE   package: '@typescript-eslint/types@8.35.0',
npm WARN EBADENGINE   required: { node: '^18.18.0 || ^20.9.0 || >=21.1.0' },
npm WARN EBADENGINE   current: { node: 'v20.3.0', npm: '9.6.7' }
npm WARN EBADENGINE }
npm WARN EBADENGINE Unsupported engine {
npm WARN EBADENGINE   package: '@typescript-eslint/typescript-estree@8.35.0',
npm WARN EBADENGINE   required: { node: '^18.18.0 || ^20.9.0 || >=21.1.0' },
npm WARN EBADENGINE   current: { node: 'v20.3.0', npm: '9.6.7' }
npm WARN EBADENGINE }
npm WARN EBADENGINE Unsupported engine {
npm WARN EBADENGINE   package: '@typescript-eslint/utils@8.35.0',
npm WARN EBADENGINE   required: { node: '^18.18.0 || ^20.9.0 || >=21.1.0' },
npm WARN EBADENGINE   current: { node: 'v20.3.0', npm: '9.6.7' }
npm WARN EBADENGINE }
npm WARN EBADENGINE Unsupported engine {
npm WARN EBADENGINE   package: '@typescript-eslint/visitor-keys@8.35.0',
npm WARN EBADENGINE   required: { node: '^18.18.0 || ^20.9.0 || >=21.1.0' },
npm WARN EBADENGINE   current: { node: 'v20.3.0', npm: '9.6.7' }
npm WARN EBADENGINE }
npm WARN EBADENGINE Unsupported engine {
npm WARN EBADENGINE   package: 'eslint@9.29.0',
npm WARN EBADENGINE   required: { node: '^18.18.0 || ^20.9.0 || >=21.1.0' },
npm WARN EBADENGINE   current: { node: 'v20.3.0', npm: '9.6.7' }
npm WARN EBADENGINE }
npm WARN EBADENGINE Unsupported engine {
npm WARN EBADENGINE   package: 'eslint-scope@8.4.0',
npm WARN EBADENGINE   required: { node: '^18.18.0 || ^20.9.0 || >=21.1.0' },
npm WARN EBADENGINE   current: { node: 'v20.3.0', npm: '9.6.7' }
npm WARN EBADENGINE }
npm WARN EBADENGINE Unsupported engine {
npm WARN EBADENGINE   package: 'eslint-visitor-keys@4.2.1',
npm WARN EBADENGINE   required: { node: '^18.18.0 || ^20.9.0 || >=21.1.0' },
npm WARN EBADENGINE   current: { node: 'v20.3.0', npm: '9.6.7' }
npm WARN EBADENGINE }
npm WARN EBADENGINE Unsupported engine {
npm WARN EBADENGINE   package: 'espree@10.4.0',
npm WARN EBADENGINE   required: { node: '^18.18.0 || ^20.9.0 || >=21.1.0' },
npm WARN EBADENGINE   current: { node: 'v20.3.0', npm: '9.6.7' }
npm WARN EBADENGINE }
npm WARN EBADENGINE Unsupported engine {
npm WARN EBADENGINE   package: '@opentelemetry/context-async-hooks@2.0.1',
npm WARN EBADENGINE   required: { node: '^18.19.0 || >=20.6.0' },
npm WARN EBADENGINE   current: { node: 'v20.3.0', npm: '9.6.7' }
npm WARN EBADENGINE }
npm WARN EBADENGINE Unsupported engine {
npm WARN EBADENGINE   package: '@opentelemetry/core@2.0.1',
npm WARN EBADENGINE   required: { node: '^18.19.0 || >=20.6.0' },
npm WARN EBADENGINE   current: { node: 'v20.3.0', npm: '9.6.7' }
npm WARN EBADENGINE }
npm WARN EBADENGINE Unsupported engine {
npm WARN EBADENGINE   package: '@opentelemetry/sdk-trace-base@2.0.1',
npm WARN EBADENGINE   required: { node: '^18.19.0 || >=20.6.0' },
npm WARN EBADENGINE   current: { node: 'v20.3.0', npm: '9.6.7' }
npm WARN EBADENGINE }
npm WARN EBADENGINE Unsupported engine {
npm WARN EBADENGINE   package: '@opentelemetry/resources@2.0.1',
npm WARN EBADENGINE   required: { node: '^18.19.0 || >=20.6.0' },
npm WARN EBADENGINE   current: { node: 'v20.3.0', npm: '9.6.7' }
npm WARN EBADENGINE }
npm ERR! code ERR_SOCKET_TIMEOUT
npm ERR! network Socket timeout
npm ERR! network This is a problem related to network connectivity.
npm ERR! network In most cases you are behind a proxy or have bad network settings.
npm ERR! network 
npm ERR! network If you are behind a proxy, please make sure that the
npm ERR! network 'proxy' config is set properly.  See: 'npm help config'

npm ERR! A complete log of this run can be found in: C:\Users\aryan\AppData\Local\npm-cache\_logs\2025-06-28T22_23_20_433Z-debug-0.log
